2025-08-07 19:09:56.185 [INFO] Begin to build package : MiniGame1 by ScriptableBuildPipeline
2025-08-07 19:09:56.185 [INFO] --------------------------------------------->TaskPrepare<--------------------------------------------
2025-08-07 19:09:56.250 [INFO] Delete package root directory: E:/UnityProgram/MiniGame1/Bundles/StandaloneWindows64/MiniGame1
2025-08-07 19:09:56.251 [INFO] Create pipeline output directory: E:/UnityProgram/MiniGame1/Bundles/StandaloneWindows64/MiniGame1/OutputCache
2025-08-07 19:09:56.251 [INFO] TaskPrepare It takes 0 seconds in total
2025-08-07 19:09:56.251 [INFO] --------------------------------------------->TaskGetBuildMap<--------------------------------------------
2025-08-07 19:09:56.709 [INFO] TaskGetBuildMap It takes 0 seconds in total
2025-08-07 19:09:56.709 [INFO] --------------------------------------------->TaskBuilding<--------------------------------------------
2025-08-07 19:10:02.251 [INFO] UnityEngine build success!
2025-08-07 19:10:02.251 [INFO] TaskBuilding It takes 5 seconds in total
2025-08-07 19:10:02.251 [INFO] --------------------------------------------->TaskVerifyBuildResult<--------------------------------------------
2025-08-07 19:10:02.253 [INFO] Build results verify success!
2025-08-07 19:10:02.253 [INFO] TaskVerifyBuildResult It takes 0 seconds in total
2025-08-07 19:10:02.253 [INFO] --------------------------------------------->TaskEncryption<--------------------------------------------
2025-08-07 19:10:02.253 [INFO] TaskEncryption It takes 0 seconds in total
2025-08-07 19:10:02.253 [INFO] --------------------------------------------->TaskUpdateBundleInfo<--------------------------------------------
2025-08-07 19:10:02.265 [INFO] TaskUpdateBundleInfo It takes 0 seconds in total
2025-08-07 19:10:02.265 [INFO] --------------------------------------------->TaskCreateManifest<--------------------------------------------
2025-08-07 19:10:02.271 [INFO] Create package manifest file: E:/UnityProgram/MiniGame1/Bundles/StandaloneWindows64/MiniGame1/2025-08-07-1149/MiniGame1_MiniGame1_2025-08-07-1149.json
2025-08-07 19:10:02.287 [INFO] Create package manifest file: E:/UnityProgram/MiniGame1/Bundles/StandaloneWindows64/MiniGame1/2025-08-07-1149/MiniGame1_MiniGame1_2025-08-07-1149.bytes
2025-08-07 19:10:02.288 [INFO] Create package manifest hash file: E:/UnityProgram/MiniGame1/Bundles/StandaloneWindows64/MiniGame1/2025-08-07-1149/MiniGame1_MiniGame1_2025-08-07-1149.hash
2025-08-07 19:10:02.289 [INFO] Create package manifest version file: E:/UnityProgram/MiniGame1/Bundles/StandaloneWindows64/MiniGame1/2025-08-07-1149/MiniGame1_MiniGame1.version
2025-08-07 19:10:02.291 [INFO] TaskCreateManifest It takes 0 seconds in total
2025-08-07 19:10:02.292 [INFO] --------------------------------------------->TaskCreateReport<--------------------------------------------
2025-08-07 19:10:02.295 [INFO] Create build report file: E:/UnityProgram/MiniGame1/Bundles/StandaloneWindows64/MiniGame1/2025-08-07-1149/MiniGame1_MiniGame1_2025-08-07-1149.report
2025-08-07 19:10:02.296 [INFO] TaskCreateReport It takes 0 seconds in total
2025-08-07 19:10:02.296 [INFO] --------------------------------------------->TaskCreatePackage<--------------------------------------------
2025-08-07 19:10:02.297 [INFO] Start making patch package: E:/UnityProgram/MiniGame1/Bundles/StandaloneWindows64/MiniGame1/2025-08-07-1149
2025-08-07 19:10:02.306 [INFO] TaskCreatePackage It takes 0 seconds in total
2025-08-07 19:10:02.307 [INFO] --------------------------------------------->TaskCopyBuildinFiles<--------------------------------------------
2025-08-07 19:10:02.307 [INFO] TaskCopyBuildinFiles It takes 0 seconds in total
2025-08-07 19:10:02.307 [INFO] --------------------------------------------->TaskCreateCatalog<--------------------------------------------
2025-08-07 19:10:02.307 [INFO] TaskCreateCatalog It takes 0 seconds in total
2025-08-07 19:10:02.308 [INFO] Total build process time: 5 seconds
2025-08-07 19:10:02.308 [INFO] Resource pipeline build success
